<?xml version="1.0" encoding="UTF-8"?>
<!-- Generated by org.testng.reporters.JUnitReportReporter -->
<testsuite hostname="DESKTOP-SSEL2VD" failures="0" tests="1" name="tests.Dangxuat" time="54.174" errors="0" timestamp="2024-12-01T12:35:55 GMT+07:00" skipped="0">
  <testcase classname="tests.Dangxuat" name="loginTest" time="54.174"/>
  <system-out/>
</testsuite> <!-- tests.Dangxuat -->
