<?xml version="1.0" encoding="UTF-8"?>
<!-- Generated by org.testng.reporters.JUnitReportReporter -->
<testsuite hostname="DESKTOP-SSEL2VD" failures="0" tests="1" name="tests.LoginTest" time="46.812" errors="0" timestamp="2024-12-01T12:03:32 GMT+07:00" skipped="0">
  <testcase classname="tests.LoginTest" name="loginTest" time="46.812"/>
  <system-out/>
</testsuite> <!-- tests.LoginTest -->
