<?xml version="1.0" encoding="UTF-8"?>
<!-- Generated by org.testng.reporters.JUnitReportReporter -->
<testsuite hostname="DESKTOP-SSEL2VD" failures="0" tests="1" name="tests.Xoatatcasanphamgiohang" time="67.338" errors="0" timestamp="2024-12-01T13:04:23 GMT+07:00" skipped="0">
  <testcase classname="tests.Xoatatcasanphamgiohang" name="loginTest" time="67.338"/>
  <system-out/>
</testsuite> <!-- tests.Xoatatcasanphamgiohang -->
