<?xml version="1.0" encoding="UTF-8"?>
<!-- Generated by org.testng.reporters.JUnitReportReporter -->
<testsuite hostname="DESKTOP-SSEL2VD" failures="0" tests="1" name="tests.Timkiem" time="42.899" errors="0" timestamp="2024-12-01T12:44:59 GMT+07:00" skipped="0">
  <testcase classname="tests.Timkiem" name="searchWithExcelData" time="42.899"/>
  <system-out/>
</testsuite> <!-- tests.Timkiem -->
