<?xml version="1.0" encoding="UTF-8"?>
<!-- Generated by org.testng.reporters.JUnitReportReporter -->
<testsuite hostname="DESKTOP-SSEL2VD" failures="0" tests="1" name="tests.Sapxepsptucaodenthap" time="61.999" errors="0" timestamp="2024-12-01T14:35:04 GMT+07:00" skipped="0">
  <testcase classname="tests.Sapxepsptucaodenthap" name="loginTest" time="61.999"/>
  <system-out/>
</testsuite> <!-- tests.Sapxepsptucaodenthap -->
