<?xml version="1.0" encoding="UTF-8"?>
<!-- Generated by org.testng.reporters.JUnitReportReporter -->
<testsuite hostname="DESKTOP-SSEL2VD" failures="0" tests="1" name="tests.Tangsoluongsanpham" time="77.296" errors="0" timestamp="2024-12-01T13:11:13 GMT+07:00" skipped="0">
  <testcase classname="tests.Tangsoluongsanpham" name="loginTest" time="77.296"/>
  <system-out/>
</testsuite> <!-- tests.Tangsoluongsanpham -->
