<?xml version="1.0" encoding="UTF-8"?>
<!-- Generated by org.testng.reporters.JUnitReportReporter -->
<testsuite hostname="DESKTOP-SSEL2VD" failures="0" tests="1" name="tests.Thaydoidiachigiaohang" time="67.044" errors="0" timestamp="2024-12-01T14:16:01 GMT+07:00" skipped="0">
  <testcase classname="tests.Thaydoidiachigiaohang" name="loginTest" time="67.044"/>
  <system-out/>
</testsuite> <!-- tests.Thaydoidiachigiaohang -->
