<?xml version="1.0" encoding="UTF-8"?>
<!-- Generated by org.testng.reporters.JUnitReportReporter -->
<testsuite hostname="DESKTOP-SSEL2VD" failures="0" tests="1" name="tests.Doimk" time="61.610" errors="0" timestamp="2024-12-01T12:34:15 GMT+07:00" skipped="0">
  <testcase classname="tests.Doimk" name="loginTest" time="61.610"/>
  <system-out/>
</testsuite> <!-- tests.Doimk -->
