<?xml version="1.0" encoding="UTF-8"?>
<!-- Generated by org.testng.reporters.JUnitReportReporter -->
<testsuite hostname="DESKTOP-SSEL2VD" failures="0" tests="1" name="tests.Locsanphamtheothuonghieu" time="67.075" errors="0" timestamp="2024-12-01T14:18:10 GMT+07:00" skipped="0">
  <testcase classname="tests.Locsanphamtheothuonghieu" name="loginTest" time="67.075"/>
  <system-out/>
</testsuite> <!-- tests.Locsanphamtheothuonghieu -->
