<?xml version="1.0" encoding="UTF-8"?>
<!-- Generated by org.testng.reporters.JUnitReportReporter -->
<testsuite hostname="DESKTOP-SSEL2VD" failures="0" tests="1" name="tests.themsanpham" time="69.476" errors="0" timestamp="2024-12-01T12:52:12 GMT+07:00" skipped="0">
  <testcase classname="tests.themsanpham" name="loginTest" time="69.476"/>
  <system-out/>
</testsuite> <!-- tests.themsanpham -->
