<?xml version="1.0" encoding="UTF-8"?>
<!-- Generated by org.testng.reporters.JUnitReportReporter -->
<testsuite hostname="DESKTOP-SSEL2VD" failures="0" tests="1" name="tests.Loginsaimk" time="48.367" errors="0" timestamp="2024-12-02T16:38:23 GMT+07:00" skipped="0">
  <testcase classname="tests.Loginsaimk" name="loginWithIncorrectPasswordTest" time="48.367"/>
  <system-out/>
</testsuite> <!-- tests.Loginsaimk -->
