<?xml version="1.0" encoding="UTF-8"?>
<!-- Generated by org.testng.reporters.JUnitReportReporter -->
<testsuite hostname="DESKTOP-SSEL2VD" failures="0" tests="1" name="tests.Loctheokhoanggia" time="72.525" errors="0" timestamp="2024-12-01T14:24:13 GMT+07:00" skipped="0">
  <testcase classname="tests.Loctheokhoanggia" name="loginTest" time="72.525"/>
  <system-out/>
</testsuite> <!-- tests.Loctheokhoanggia -->
