<?xml version="1.0" encoding="UTF-8"?>
<!-- Generated by org.testng.reporters.JUnitReportReporter -->
<testsuite hostname="DESKTOP-SSEL2VD" failures="0" tests="1" name="tests.Capnhatthongtin" time="54.433" errors="0" timestamp="2024-12-01T12:41:58 GMT+07:00" skipped="0">
  <testcase classname="tests.Capnhatthongtin" name="loginTest" time="54.433"/>
  <system-out/>
</testsuite> <!-- tests.Capnhatthongtin -->
