<?xml version="1.0" encoding="UTF-8"?>
<!-- Generated by org.testng.reporters.JUnitReportReporter -->
<testsuite hostname="DESKTOP-SSEL2VD" failures="0" tests="1" name="tests.Xoacacboloc" time="92.697" errors="0" timestamp="2024-12-01T14:51:12 GMT+07:00" skipped="0">
  <testcase classname="tests.Xoacacboloc" name="loginTest" time="92.697"/>
  <system-out/>
</testsuite> <!-- tests.Xoacacboloc -->
